# JRE version: OpenJDK Runtime Environment (8.0_111-b14) (build 1.8.0_111-8u111-b14-2ubuntu0.16.04.2-b14)
# Java VM: OpenJDK 64-Bit Server VM (25.111-b14 mixed mode linux-amd64 compressed oops)
Heap:
 PSYoungGen      total 589824K, used 2815K [0x0000000779180000, 0x000000079d500000, 0x00000007c0000000)
  eden space 586240K, 0% used [0x0000000779180000,0x0000000779180000,0x000000079ce00000)
  from space 3584K, 78% used [0x000000079ce00000,0x000000079d0bfcd0,0x000000079d180000)
  to   space 3072K, 0% used [0x000000079d200000,0x000000079d200000,0x000000079d500000)
 ParOldGen       total 64512K, used 50937K [0x00000006eb400000, 0x00000006ef300000, 0x0000000779180000)
  object space 64512K, 78% used [0x00000006eb400000,0x00000006ee5be5a8,0x00000006ef300000)
 Metaspace       used 4792K, capacity 5126K, committed 5248K, reserved 1056768K
  class space    used 551K, capacity 565K, committed 640K, reserved 1048576K
GC Heap History (10 events):
Event: 1405,914 GC heap after
Heap after GC invocations=5756 (full 20):
 PSYoungGen      total 413696K, used 2813K [0x0000000779180000, 0x0000000792980000, 0x00000007c0000000)
  eden space 409600K, 0% used [0x0000000779180000,0x0000000779180000,0x0000000792180000)
  from space 4096K, 68% used [0x0000000792580000,0x000000079283f628,0x0000000792980000)
  to   space 4096K, 0% used [0x0000000792180000,0x0000000792180000,0x0000000792580000)
 ParOldGen       total 64512K, used 50937K [0x00000006eb400000, 0x00000006ef300000, 0x0000000779180000)
  object space 64512K, 78% used [0x00000006eb400000,0x00000006ee5be5a8,0x00000006ef300000)
 Metaspace       used 4792K, capacity 5126K, committed 5248K, reserved 1056768K
  class space    used 551K, capacity 565K, committed 640K, reserved 1048576K
}
Event: 1407,605 GC heap before
{Heap before GC invocations=5757 (full 20):
 PSYoungGen      total 413696K, used 411503K [0x0000000779180000, 0x0000000792980000, 0x00000007c0000000)
  eden space 409600K, 99% used [0x0000000779180000,0x000000079209c6f0,0x0000000792180000)
  from space 4096K, 68% used [0x0000000792580000,0x000000079283f628,0x0000000792980000)
  to   space 4096K, 0% used [0x0000000792180000,0x0000000792180000,0x0000000792580000)
 ParOldGen       total 64512K, used 50937K [0x00000006eb400000, 0x00000006ef300000, 0x0000000779180000)
  object space 64512K, 78% used [0x00000006eb400000,0x00000006ee5be5a8,0x00000006ef300000)
 Metaspace       used 4792K, capacity 5126K, committed 5248K, reserved 1056768K
  class space    used 551K, capacity 565K, committed 640K, reserved 1048576K
Event: 1407,626 GC heap after
Heap after GC invocations=5757 (full 20):
 PSYoungGen      total 413696K, used 2813K [0x0000000779180000, 0x0000000797780000, 0x00000007c0000000)
  eden space 409600K, 0% used [0x0000000779180000,0x0000000779180000,0x0000000792180000)
  from space 4096K, 68% used [0x0000000792180000,0x000000079243f750,0x0000000792580000)
  to   space 3584K, 0% used [0x0000000797400000,0x0000000797400000,0x0000000797780000)
 ParOldGen       total 64512K, used 50937K [0x00000006eb400000, 0x00000006ef300000, 0x0000000779180000)
  object space 64512K, 78% used [0x00000006eb400000,0x00000006ee5be5a8,0x00000006ef300000)
 Metaspace       used 4792K, capacity 5126K, committed 5248K, reserved 1056768K
  class space    used 551K, capacity 565K, committed 640K, reserved 1048576K
}
Event: 1408,773 GC heap before
{Heap before GC invocations=5758 (full 20):
 PSYoungGen      total 413696K, used 411549K [0x0000000779180000, 0x0000000797780000, 0x00000007c0000000)
  eden space 409600K, 99% used [0x0000000779180000,0x00000007920a7ea8,0x0000000792180000)
  from space 4096K, 68% used [0x0000000792180000,0x000000079243f750,0x0000000792580000)
  to   space 3584K, 0% used [0x0000000797400000,0x0000000797400000,0x0000000797780000)
 ParOldGen       total 64512K, used 50937K [0x00000006eb400000, 0x00000006ef300000, 0x0000000779180000)
  object space 64512K, 78% used [0x00000006eb400000,0x00000006ee5be5a8,0x00000006ef300000)
 Metaspace       used 4792K, capacity 5126K, committed 5248K, reserved 1056768K
  class space    used 551K, capacity 565K, committed 640K, reserved 1048576K
Event: 1408,777 GC heap after
Heap after GC invocations=5758 (full 20):
 PSYoungGen      total 493056K, used 2814K [0x0000000779180000, 0x0000000797700000, 0x00000007c0000000)
  eden space 489984K, 0% used [0x0000000779180000,0x0000000779180000,0x0000000797000000)
  from space 3072K, 91% used [0x0000000797400000,0x00000007976bf870,0x0000000797700000)
  to   space 3584K, 0% used [0x0000000797000000,0x0000000797000000,0x0000000797380000)
 ParOldGen       total 64512K, used 50937K [0x00000006eb400000, 0x00000006ef300000, 0x0000000779180000)
  object space 64512K, 78% used [0x00000006eb400000,0x00000006ee5be5a8,0x00000006ef300000)
 Metaspace       used 4792K, capacity 5126K, committed 5248K, reserved 1056768K
  class space    used 551K, capacity 565K, committed 640K, reserved 1048576K
}
Event: 1410,680 GC heap before
{Heap before GC invocations=5759 (full 20):
 PSYoungGen      total 493056K, used 491098K [0x0000000779180000, 0x0000000797700000, 0x00000007c0000000)
  eden space 489984K, 99% used [0x0000000779180000,0x0000000796e57258,0x0000000797000000)
  from space 3072K, 91% used [0x0000000797400000,0x00000007976bf870,0x0000000797700000)
  to   space 3584K, 0% used [0x0000000797000000,0x0000000797000000,0x0000000797380000)
 ParOldGen       total 64512K, used 50937K [0x00000006eb400000, 0x00000006ef300000, 0x0000000779180000)
  object space 64512K, 78% used [0x00000006eb400000,0x00000006ee5be5a8,0x00000006ef300000)
 Metaspace       used 4792K, capacity 5126K, committed 5248K, reserved 1056768K
  class space    used 551K, capacity 565K, committed 640K, reserved 1048576K
Event: 1410,731 GC heap after
Heap after GC invocations=5759 (full 20):
 PSYoungGen      total 493568K, used 2814K [0x0000000779180000, 0x000000079d580000, 0x00000007c0000000)
  eden space 489984K, 0% used [0x0000000779180000,0x0000000779180000,0x0000000797000000)
  from space 3584K, 78% used [0x0000000797000000,0x00000007972bf9d0,0x0000000797380000)
  to   space 3584K, 0% used [0x000000079d200000,0x000000079d200000,0x000000079d580000)
 ParOldGen       total 64512K, used 50937K [0x00000006eb400000, 0x00000006ef300000, 0x0000000779180000)
  object space 64512K, 78% used [0x00000006eb400000,0x00000006ee5be5a8,0x00000006ef300000)
 Metaspace       used 4792K, capacity 5126K, committed 5248K, reserved 1056768K
  class space    used 551K, capacity 565K, committed 640K, reserved 1048576K
}
Event: 1412,172 GC heap before
{Heap before GC invocations=5760 (full 20):
 PSYoungGen      total 493568K, used 491152K [0x0000000779180000, 0x000000079d580000, 0x00000007c0000000)
  eden space 489984K, 99% used [0x0000000779180000,0x0000000796e64860,0x0000000797000000)
  from space 3584K, 78% used [0x0000000797000000,0x00000007972bf9d0,0x0000000797380000)
  to   space 3584K, 0% used [0x000000079d200000,0x000000079d200000,0x000000079d580000)
 ParOldGen       total 64512K, used 50937K [0x00000006eb400000, 0x00000006ef300000, 0x0000000779180000)
  object space 64512K, 78% used [0x00000006eb400000,0x00000006ee5be5a8,0x00000006ef300000)
 Metaspace       used 4792K, capacity 5126K, committed 5248K, reserved 1056768K
  class space    used 551K, capacity 565K, committed 640K, reserved 1048576K
Event: 1412,175 GC heap after
Heap after GC invocations=5760 (full 20):
 PSYoungGen      total 589312K, used 2814K [0x0000000779180000, 0x000000079d500000, 0x00000007c0000000)
  eden space 586240K, 0% used [0x0000000779180000,0x0000000779180000,0x000000079ce00000)
  from space 3072K, 91% used [0x000000079d200000,0x000000079d4bfb30,0x000000079d500000)
  to   space 3584K, 0% used [0x000000079ce00000,0x000000079ce00000,0x000000079d180000)
 ParOldGen       total 64512K, used 50937K [0x00000006eb400000, 0x00000006ef300000, 0x0000000779180000)
  object space 64512K, 78% used [0x00000006eb400000,0x00000006ee5be5a8,0x00000006ef300000)
 Metaspace       used 4792K, capacity 5126K, committed 5248K, reserved 1056768K
  class space    used 551K, capacity 565K, committed 640K, reserved 1048576K
}
Event: 1414,481 GC heap before
{Heap before GC invocations=5761 (full 20):
 PSYoungGen      total 589312K, used 587769K [0x0000000779180000, 0x000000079d500000, 0x00000007c0000000)
  eden space 586240K, 99% used [0x0000000779180000,0x000000079ccbec58,0x000000079ce00000)
  from space 3072K, 91% used [0x000000079d200000,0x000000079d4bfb30,0x000000079d500000)
  to   space 3584K, 0% used [0x000000079ce00000,0x000000079ce00000,0x000000079d180000)
 ParOldGen       total 64512K, used 50937K [0x00000006eb400000, 0x00000006ef300000, 0x0000000779180000)
  object space 64512K, 78% used [0x00000006eb400000,0x00000006ee5be5a8,0x00000006ef300000)
 Metaspace       used 4792K, capacity 5126K, committed 5248K, reserved 1056768K
  class space    used 551K, capacity 565K, committed 640K, reserved 1048576K

