# JRE version: OpenJDK Runtime Environment (8.0_111-b14) (build 1.8.0_111-8u111-b14-2ubuntu0.16.04.2-b14)
# Java VM: OpenJDK 64-Bit Server VM (25.111-b14 mixed mode linux-amd64 compressed oops)
Heap:
 PSYoungGen      total 675840K, used 2284K [0x0000000779180000, 0x00000007a2880000, 0x00000007c0000000)
  eden space 672768K, 0% used [0x0000000779180000,0x0000000779180000,0x00000007a2280000)
  from space 3072K, 74% used [0x00000007a2280000,0x00000007a24bb070,0x00000007a2580000)
  to   space 3072K, 0% used [0x00000007a2580000,0x00000007a2580000,0x00000007a2880000)
 ParOldGen       total 53248K, used 14086K [0x00000006eb400000, 0x00000006ee800000, 0x0000000779180000)
  object space 53248K, 26% used [0x00000006eb400000,0x00000006ec1c19c0,0x00000006ee800000)
 Metaspace       used 4806K, capacity 5120K, committed 5248K, reserved 1056768K
  class space    used 551K, capacity 564K, committed 640K, reserved 1048576K
GC Heap History (10 events):
Event: 3509,364 GC heap after
Heap after GC invocations=11062 (full 32):
 PSYoungGen      total 473088K, used 2281K [0x0000000779180000, 0x0000000796280000, 0x00000007c0000000)
  eden space 470016K, 0% used [0x0000000779180000,0x0000000779180000,0x0000000795c80000)
  from space 3072K, 74% used [0x0000000795f80000,0x00000007961ba700,0x0000000796280000)
  to   space 3072K, 0% used [0x0000000795c80000,0x0000000795c80000,0x0000000795f80000)
 ParOldGen       total 53248K, used 14086K [0x00000006eb400000, 0x00000006ee800000, 0x0000000779180000)
  object space 53248K, 26% used [0x00000006eb400000,0x00000006ec1c19c0,0x00000006ee800000)
 Metaspace       used 4806K, capacity 5120K, committed 5248K, reserved 1056768K
  class space    used 551K, capacity 564K, committed 640K, reserved 1048576K
}
Event: 3511,332 GC heap before
{Heap before GC invocations=11063 (full 32):
 PSYoungGen      total 473088K, used 470618K [0x0000000779180000, 0x0000000796280000, 0x00000007c0000000)
  eden space 470016K, 99% used [0x0000000779180000,0x0000000795adc1d0,0x0000000795c80000)
  from space 3072K, 74% used [0x0000000795f80000,0x00000007961ba700,0x0000000796280000)
  to   space 3072K, 0% used [0x0000000795c80000,0x0000000795c80000,0x0000000795f80000)
 ParOldGen       total 53248K, used 14086K [0x00000006eb400000, 0x00000006ee800000, 0x0000000779180000)
  object space 53248K, 26% used [0x00000006eb400000,0x00000006ec1c19c0,0x00000006ee800000)
 Metaspace       used 4806K, capacity 5120K, committed 5248K, reserved 1056768K
  class space    used 551K, capacity 564K, committed 640K, reserved 1048576K
Event: 3511,360 GC heap after
Heap after GC invocations=11063 (full 32):
 PSYoungGen      total 473088K, used 2282K [0x0000000779180000, 0x000000079bd00000, 0x00000007c0000000)
  eden space 470016K, 0% used [0x0000000779180000,0x0000000779180000,0x0000000795c80000)
  from space 3072K, 74% used [0x0000000795c80000,0x0000000795eba8a0,0x0000000795f80000)
  to   space 3072K, 0% used [0x000000079ba00000,0x000000079ba00000,0x000000079bd00000)
 ParOldGen       total 53248K, used 14086K [0x00000006eb400000, 0x00000006ee800000, 0x0000000779180000)
  object space 53248K, 26% used [0x00000006eb400000,0x00000006ec1c19c0,0x00000006ee800000)
 Metaspace       used 4806K, capacity 5120K, committed 5248K, reserved 1056768K
  class space    used 551K, capacity 564K, committed 640K, reserved 1048576K
}
Event: 3512,804 GC heap before
{Heap before GC invocations=11064 (full 32):
 PSYoungGen      total 473088K, used 470702K [0x0000000779180000, 0x000000079bd00000, 0x00000007c0000000)
  eden space 470016K, 99% used [0x0000000779180000,0x0000000795af1108,0x0000000795c80000)
  from space 3072K, 74% used [0x0000000795c80000,0x0000000795eba8a0,0x0000000795f80000)
  to   space 3072K, 0% used [0x000000079ba00000,0x000000079ba00000,0x000000079bd00000)
 ParOldGen       total 53248K, used 14086K [0x00000006eb400000, 0x00000006ee800000, 0x0000000779180000)
  object space 53248K, 26% used [0x00000006eb400000,0x00000006ec1c19c0,0x00000006ee800000)
 Metaspace       used 4806K, capacity 5120K, committed 5248K, reserved 1056768K
  class space    used 551K, capacity 564K, committed 640K, reserved 1048576K
Event: 3512,829 GC heap after
Heap after GC invocations=11064 (full 32):
 PSYoungGen      total 565760K, used 2282K [0x0000000779180000, 0x000000079bd00000, 0x00000007c0000000)
  eden space 562688K, 0% used [0x0000000779180000,0x0000000779180000,0x000000079b700000)
  from space 3072K, 74% used [0x000000079ba00000,0x000000079bc3aa40,0x000000079bd00000)
  to   space 3072K, 0% used [0x000000079b700000,0x000000079b700000,0x000000079ba00000)
 ParOldGen       total 53248K, used 14086K [0x00000006eb400000, 0x00000006ee800000, 0x0000000779180000)
  object space 53248K, 26% used [0x00000006eb400000,0x00000006ec1c19c0,0x00000006ee800000)
 Metaspace       used 4806K, capacity 5120K, committed 5248K, reserved 1056768K
  class space    used 551K, capacity 564K, committed 640K, reserved 1048576K
}
Event: 3515,804 GC heap before
{Heap before GC invocations=11065 (full 32):
 PSYoungGen      total 565760K, used 564939K [0x0000000779180000, 0x000000079bd00000, 0x00000007c0000000)
  eden space 562688K, 99% used [0x0000000779180000,0x000000079b6f83a0,0x000000079b700000)
  from space 3072K, 74% used [0x000000079ba00000,0x000000079bc3aa40,0x000000079bd00000)
  to   space 3072K, 0% used [0x000000079b700000,0x000000079b700000,0x000000079ba00000)
 ParOldGen       total 53248K, used 14086K [0x00000006eb400000, 0x00000006ee800000, 0x0000000779180000)
  object space 53248K, 26% used [0x00000006eb400000,0x00000006ec1c19c0,0x00000006ee800000)
 Metaspace       used 4806K, capacity 5120K, committed 5248K, reserved 1056768K
  class space    used 551K, capacity 564K, committed 640K, reserved 1048576K
Event: 3515,816 GC heap after
Heap after GC invocations=11065 (full 32):
 PSYoungGen      total 565760K, used 2283K [0x0000000779180000, 0x00000007a2880000, 0x00000007c0000000)
  eden space 562688K, 0% used [0x0000000779180000,0x0000000779180000,0x000000079b700000)
  from space 3072K, 74% used [0x000000079b700000,0x000000079b93ac30,0x000000079ba00000)
  to   space 3072K, 0% used [0x00000007a2580000,0x00000007a2580000,0x00000007a2880000)
 ParOldGen       total 53248K, used 14086K [0x00000006eb400000, 0x00000006ee800000, 0x0000000779180000)
  object space 53248K, 26% used [0x00000006eb400000,0x00000006ec1c19c0,0x00000006ee800000)
 Metaspace       used 4806K, capacity 5120K, committed 5248K, reserved 1056768K
  class space    used 551K, capacity 564K, committed 640K, reserved 1048576K
}
Event: 3517,236 GC heap before
{Heap before GC invocations=11066 (full 32):
 PSYoungGen      total 565760K, used 562807K [0x0000000779180000, 0x00000007a2880000, 0x00000007c0000000)
  eden space 562688K, 99% used [0x0000000779180000,0x000000079b4e3308,0x000000079b700000)
  from space 3072K, 74% used [0x000000079b700000,0x000000079b93ac30,0x000000079ba00000)
  to   space 3072K, 0% used [0x00000007a2580000,0x00000007a2580000,0x00000007a2880000)
 ParOldGen       total 53248K, used 14086K [0x00000006eb400000, 0x00000006ee800000, 0x0000000779180000)
  object space 53248K, 26% used [0x00000006eb400000,0x00000006ec1c19c0,0x00000006ee800000)
 Metaspace       used 4806K, capacity 5120K, committed 5248K, reserved 1056768K
  class space    used 551K, capacity 564K, committed 640K, reserved 1048576K
Event: 3517,253 GC heap after
Heap after GC invocations=11066 (full 32):
 PSYoungGen      total 675840K, used 2283K [0x0000000779180000, 0x00000007a2880000, 0x00000007c0000000)
  eden space 672768K, 0% used [0x0000000779180000,0x0000000779180000,0x00000007a2280000)
  from space 3072K, 74% used [0x00000007a2580000,0x00000007a27bae20,0x00000007a2880000)
  to   space 3072K, 0% used [0x00000007a2280000,0x00000007a2280000,0x00000007a2580000)
 ParOldGen       total 53248K, used 14086K [0x00000006eb400000, 0x00000006ee800000, 0x0000000779180000)
  object space 53248K, 26% used [0x00000006eb400000,0x00000006ec1c19c0,0x00000006ee800000)
 Metaspace       used 4806K, capacity 5120K, committed 5248K, reserved 1056768K
  class space    used 551K, capacity 564K, committed 640K, reserved 1048576K
}
Event: 3520,069 GC heap before
{Heap before GC invocations=11067 (full 32):
 PSYoungGen      total 675840K, used 673219K [0x0000000779180000, 0x00000007a2880000, 0x00000007c0000000)
  eden space 672768K, 99% used [0x0000000779180000,0x00000007a20b5e28,0x00000007a2280000)
  from space 3072K, 74% used [0x00000007a2580000,0x00000007a27bae20,0x00000007a2880000)
  to   space 3072K, 0% used [0x00000007a2280000,0x00000007a2280000,0x00000007a2580000)
 ParOldGen       total 53248K, used 14086K [0x00000006eb400000, 0x00000006ee800000, 0x0000000779180000)
  object space 53248K, 26% used [0x00000006eb400000,0x00000006ec1c19c0,0x00000006ee800000)
 Metaspace       used 4806K, capacity 5120K, committed 5248K, reserved 1056768K
  class space    used 551K, capacity 564K, committed 640K, reserved 1048576K

